<?xml version="1.0" encoding="UTF-8"?>
<testsuite xmlns:xsi="http://www.w3.org/2001/XMLSchema-instance" xsi:noNamespaceSchemaLocation="https://maven.apache.org/surefire/maven-failsafe-plugin/xsd/failsafe-test-report-3.0.xsd" version="3.0" name="SmokeTestRun" time="35.628" tests="3" errors="1" skipped="0" failures="0">
  <properties>
[...]
</properties>
  <testcase name="I as a customer WTBAT have an opportunity to ask for a reference." classname="Ask for a reference" time="10.643">
    <system-out><![CDATA[Here we go
]]></system-out>
    <system-err><![CDATA[596 [main] INFO net.thucydides.core.steps.ConsoleLoggingListener - &amp#27;[96m

-------------------------------------------------------------------------------------
     _______. _______ .______       _______ .__   __.  __  .___________.____    ____ 
    /       ||   ____||   _  \     |   ____||  \ |  | |  | |           |\   \  /   / 
   |   (----`|  |__   |  |_)  |    |  |__   |   \|  | |  | `---|  |----` \   \/   /  
    \   \    |   __|  |      /     |   __|  |  . `  | |  |     |  |       \_    _/   
.----)   |   |  |____ |  |\  \----.|  |____ |  |\   | |  |     |  |         |  |     
|_______/    |_______|| _| `._____||_______||__| \__| |__|     |__|         |__|    
                                                                                     
 News and tutorials at http://www.serenity-bdd.info                                  
 Documentation at https://wakaleo.gitbooks.io/the-serenity-book/content/             
 Join the Serenity Community on Rocket Chat at https://serenity-bdd.rocket.chat      
 Serenity BDD Support and Training at http://serenity-bdd.info/#/trainingandsupport  
 Learn Serenity BDD online at http://serenity-dojo.com                               
-------------------------------------------------------------------------------------
&amp#27;[0m
602 [main] INFO net.thucydides.core.steps.ConsoleLoggingListener - Test Suite Started: Ask for a reference
618 [main] INFO net.thucydides.core.steps.ConsoleLoggingListener - Test Suite Started: More event on the main page
620 [main] INFO net.thucydides.core.steps.ConsoleLoggingListener - Test Suite Started: I as a user I  WTBAT have an opportunity to see more references.
623 [main] INFO net.thucydides.core.steps.ConsoleLoggingListener - Test Suite Started: Send CV
643 [main] INFO net.thucydides.core.steps.ConsoleLoggingListener - 
 _____ _____ ____ _____   ____ _____  _    ____ _____ _____ ____  
|_   _| ____/ ___|_   _| / ___|_   _|/ \  |  _ \_   _| ____|  _ \ 
  | | |  _| \___ \ | |   \___ \ | | / _ \ | |_) || | |  _| | | | |
  | | | |___ ___) || |    ___) || |/ ___ \|  _ < | | | |___| |_| |
  |_| |_____|____/ |_|   |____/ |_/_/   \_\_| \_\|_| |_____|____/ 
                                                                  

TEST STARTED: I as a customer WTBAT have an opportunity to ask for a reference.
-------------------------------------------------------------------(ask-for-a-reference;i-as-a-customer-wtbat-have-an-opportunity-to-ask-for-a-reference.)
714 [main] INFO net.thucydides.core.steps.ConsoleLoggingListener - STARTING STEP Given I access main page Hys Site
934 [main] INFO net.thucydides.core.steps.ConsoleLoggingListener - STARTING STEP Open main page
янв 31, 2021 12:29:49 AM org.openqa.selenium.remote.DesiredCapabilities chrome
INFO: Using `new ChromeOptions()` is preferred to `DesiredCapabilities.chrome()`
1323 [main] INFO net.serenitybdd.core.webdriver.driverproviders.ProvideNewDriver - Instantiating driver
1325 [main] INFO net.serenitybdd.core.webdriver.driverproviders.ProvideNewDriver - Driver capabilities: Capabilities {acceptInsecureCerts: false, browserName: chrome, goog:chromeOptions: {args: [--enable-automation, --test-type], extensions: []}, loggingPrefs: org.openqa.selenium.logging..., platform: ANY, version: }
Starting ChromeDriver 88.0.4324.96 (68dba2d8a0b149a1d3afac56fa74648032bcf46b-refs/branch-heads/4324@{#1784}) on port 26673
Only local connections are allowed.
Please see https://chromedriver.chromium.org/security-considerations for suggestions on keeping ChromeDriver safe.
ChromeDriver was started successfully.
янв 31, 2021 12:29:51 AM org.openqa.selenium.remote.ProtocolHandshake createSession
INFO: Detected dialect: W3C
6928 [main] INFO net.thucydides.core.steps.ConsoleLoggingListener - FINISHING STEP
6930 [main] INFO net.thucydides.core.steps.ConsoleLoggingListener - FINISHING STEP
6933 [main] INFO net.thucydides.core.steps.ConsoleLoggingListener - STARTING STEP And I Scroll down to see Ask for reference button
6936 [main] INFO net.thucydides.core.steps.ConsoleLoggingListener - STARTING STEP Scroll down to ask reference button
6962 [main] INFO net.thucydides.core.steps.ConsoleLoggingListener - FINISHING STEP
6963 [main] INFO net.thucydides.core.steps.ConsoleLoggingListener - FINISHING STEP
6964 [main] INFO net.thucydides.core.steps.ConsoleLoggingListener - STARTING STEP When I click on ‘Ask for reference’ button
6968 [main] INFO net.thucydides.core.steps.ConsoleLoggingListener - STARTING STEP Click on reference button
7521 [main] INFO net.thucydides.core.steps.ConsoleLoggingListener - FINISHING STEP
7523 [main] INFO net.thucydides.core.steps.ConsoleLoggingListener - FINISHING STEP
7524 [main] INFO net.thucydides.core.steps.ConsoleLoggingListener - STARTING STEP Then reference form is opened
7526 [main] INFO net.thucydides.core.steps.ConsoleLoggingListener - STARTING STEP Verify that model form is displayed
7957 [main] INFO net.thucydides.core.steps.ConsoleLoggingListener - FINISHING STEP
7959 [main] INFO net.thucydides.core.steps.ConsoleLoggingListener - FINISHING STEP
7961 [main] INFO net.thucydides.core.steps.ConsoleLoggingListener - STARTING STEP And I fill in all the required fields  and check-boxes in  a reference form with valid data
7963 [main] INFO net.thucydides.core.steps.ConsoleLoggingListener - STARTING STEP Enter random reference form name
8514 [main] INFO net.thucydides.core.steps.ConsoleLoggingListener - FINISHING STEP
8517 [main] INFO net.thucydides.core.steps.ConsoleLoggingListener - STARTING STEP Enter random reference form email
9000 [main] INFO net.thucydides.core.steps.ConsoleLoggingListener - FINISHING STEP
9002 [main] INFO net.thucydides.core.steps.ConsoleLoggingListener - STARTING STEP Click on terms and agreements checkbox
9457 [main] INFO net.thucydides.core.steps.ConsoleLoggingListener - FINISHING STEP
9458 [main] INFO net.thucydides.core.steps.ConsoleLoggingListener - FINISHING STEP
9459 [main] INFO net.thucydides.core.steps.ConsoleLoggingListener - STARTING STEP When I click ‘Submit’ button
9461 [main] INFO net.thucydides.core.steps.ConsoleLoggingListener - STARTING STEP Click on reference form submit button
10155 [main] INFO net.thucydides.core.steps.ConsoleLoggingListener - FINISHING STEP
10156 [main] INFO net.thucydides.core.steps.ConsoleLoggingListener - FINISHING STEP
10158 [main] INFO net.thucydides.core.steps.ConsoleLoggingListener - STARTING STEP Then ‘Thanks for your request’ pop-up is displayed, request is sent
10615 [main] INFO net.thucydides.core.steps.ConsoleLoggingListener - FINISHING STEP
11337 [main] INFO net.thucydides.core.steps.ConsoleLoggingListener - &amp#27;[92m
        __    _____ _____ ____ _____   ____   _    ____  ____  _____ ____  
  _     \ \  |_   _| ____/ ___|_   _| |  _ \ / \  / ___|/ ___|| ____|  _ \ 
 (_)_____| |   | | |  _| \___ \ | |   | |_) / _ \ \___ \\___ \|  _| | | | |
  _|_____| |   | | | |___ ___) || |   |  __/ ___ \ ___) |___) | |___| |_| |
 (_)     | |   |_| |_____|____/ |_|   |_| /_/   \_\____/|____/|_____|____/ 
        /_/                                                                

TEST PASSED: I as a customer WTBAT have an opportunity to ask for a reference.
----------------------------------------------------------------------------&amp#27;[0m
]]></system-err>
  </testcase>
  <testcase name="I as a customer WTBAT see more events than presented on the main page" classname="More event on the main page" time="12.954">
    <error message="element click intercepted: Element &lt;a href=&quot;/events&quot; class=&quot;btn-icon btn-arrow orange hidden-xs hidden-sm hidden-md&quot;&gt;...&lt;/a&gt; is not clickable at point (1285, 47). Other element would receive the click: &lt;a id=&quot;contact-us-menu&quot; href=&quot;/contact-us/&quot; class=&quot;contact-us&quot;&gt;...&lt;/a&gt;&#10;  (Session info: chrome=88.0.4324.104)&#10;Build info: version: &apos;3.141.59&apos;, revision: &apos;e82be7d358&apos;, time: &apos;2018-11-14T08:17:03&apos;&#10;System info: host: &apos;DESKTOP-014LNCD&apos;, ip: &apos;192.168.0.161&apos;, os.name: &apos;Windows 10&apos;, os.arch: &apos;amd64&apos;, os.version: &apos;10.0&apos;, java.version: &apos;1.8.0_282&apos;&#10;Driver info: org.openqa.selenium.chrome.ChromeDriver&#10;Capabilities {acceptInsecureCerts: false, browserName: chrome, browserVersion: 88.0.4324.104, chrome: {chromedriverVersion: 88.0.4324.96 (68dba2d8a0b14..., userDataDir: C:\Users\aruti\AppData\Loca...}, goog:chromeOptions: {debuggerAddress: localhost:51898}, javascriptEnabled: true, networkConnectionEnabled: false, pageLoadStrategy: normal, platform: WINDOWS, platformName: WINDOWS, proxy: Proxy(), setWindowRect: true, strictFileInteractability: false, timeouts: {implicit: 0, pageLoad: 300000, script: 30000}, unhandledPromptBehavior: dismiss and notify, webauthn:extension:largeBlob: true, webauthn:virtualAuthenticators: true}&#10;Session ID: 9e746557d4b4e2b4829c8ee6061e1dc5" type="org.openqa.selenium.ElementClickInterceptedException"><![CDATA[org.openqa.selenium.ElementClickInterceptedException: 
element click intercepted: Element <a href="/events" class="btn-icon btn-arrow orange hidden-xs hidden-sm hidden-md">...</a> is not clickable at point (1285, 47). Other element would receive the click: <a id="contact-us-menu" href="/contact-us/" class="contact-us">...</a>
  (Session info: chrome=88.0.4324.104)
Build info: version: '3.141.59', revision: 'e82be7d358', time: '2018-11-14T08:17:03'
System info: host: 'DESKTOP-014LNCD', ip: '192.168.0.161', os.name: 'Windows 10', os.arch: 'amd64', os.version: '10.0', java.version: '1.8.0_282'
Driver info: org.openqa.selenium.chrome.ChromeDriver
Capabilities {acceptInsecureCerts: false, browserName: chrome, browserVersion: 88.0.4324.104, chrome: {chromedriverVersion: 88.0.4324.96 (68dba2d8a0b14..., userDataDir: C:\Users\aruti\AppData\Loca...}, goog:chromeOptions: {debuggerAddress: localhost:51898}, javascriptEnabled: true, networkConnectionEnabled: false, pageLoadStrategy: normal, platform: WINDOWS, platformName: WINDOWS, proxy: Proxy(), setWindowRect: true, strictFileInteractability: false, timeouts: {implicit: 0, pageLoad: 300000, script: 30000}, unhandledPromptBehavior: dismiss and notify, webauthn:extension:largeBlob: true, webauthn:virtualAuthenticators: true}
Session ID: 9e746557d4b4e2b4829c8ee6061e1dc5
]]></error>
    <system-err><![CDATA[11344 [main] INFO net.thucydides.core.steps.ConsoleLoggingListener - 
 _____ _____ ____ _____   ____ _____  _    ____ _____ _____ ____  
|_   _| ____/ ___|_   _| / ___|_   _|/ \  |  _ \_   _| ____|  _ \ 
  | | |  _| \___ \ | |   \___ \ | | / _ \ | |_) || | |  _| | | | |
  | | | |___ ___) || |    ___) || |/ ___ \|  _ < | | | |___| |_| |
  |_| |_____|____/ |_|   |____/ |_/_/   \_\_| \_\|_| |_____|____/ 
                                                                  

TEST STARTED: I as a customer WTBAT see more events than presented on the main page
-------------------------------------------------------------------(more-event-on-the-main-page;i-as-a-customer-wtbat-see-more-events-than-presented-on-the-main-page)
11346 [main] INFO net.thucydides.core.steps.ConsoleLoggingListener - STARTING STEP Given I access main page Hys Site
11350 [main] INFO net.thucydides.core.steps.ConsoleLoggingListener - STARTING STEP Open main page
янв 31, 2021 12:29:59 AM org.openqa.selenium.remote.DesiredCapabilities chrome
INFO: Using `new ChromeOptions()` is preferred to `DesiredCapabilities.chrome()`
11542 [main] INFO net.serenitybdd.core.webdriver.driverproviders.ProvideNewDriver - Instantiating driver
11542 [main] INFO net.serenitybdd.core.webdriver.driverproviders.ProvideNewDriver - Driver capabilities: Capabilities {acceptInsecureCerts: false, browserName: chrome, goog:chromeOptions: {args: [--enable-automation, --test-type], extensions: []}, loggingPrefs: org.openqa.selenium.logging..., platform: ANY, version: }
Starting ChromeDriver 88.0.4324.96 (68dba2d8a0b149a1d3afac56fa74648032bcf46b-refs/branch-heads/4324@{#1784}) on port 47060
Only local connections are allowed.
Please see https://chromedriver.chromium.org/security-considerations for suggestions on keeping ChromeDriver safe.
ChromeDriver was started successfully.
янв 31, 2021 12:30:01 AM org.openqa.selenium.remote.ProtocolHandshake createSession
INFO: Detected dialect: W3C
21379 [main] INFO net.thucydides.core.steps.ConsoleLoggingListener - FINISHING STEP
21382 [main] INFO net.thucydides.core.steps.ConsoleLoggingListener - FINISHING STEP
21384 [main] INFO net.thucydides.core.steps.ConsoleLoggingListener - STARTING STEP And I Scroll down to see ‘Let’s network’ block
21970 [main] INFO net.thucydides.core.steps.ConsoleLoggingListener - FINISHING STEP
21972 [main] INFO net.thucydides.core.steps.ConsoleLoggingListener - STARTING STEP When I click on ‘See more events’ button
23463 [main] INFO net.thucydides.core.steps.ConsoleLoggingListener - STARTING STEP Click on see more events
23502 [main] INFO net.thucydides.core.steps.ConsoleLoggingListener - &amp#27;[91mSTEP ERROR: org.openqa.selenium.ElementClickInterceptedException: element click intercepted: Element <a href="/events" class="btn-icon btn-arrow orange hidden-xs hidden-sm hidden-md">...</a> is not clickable at point (1285, 47). Other element would receive the click: <a id="contact-us-menu" href="/contact-us/" class="contact-us">...</a>
  (Session info: chrome=88.0.4324.104)
Build info: version: '3.141.59', revision: 'e82be7d358', time: '2018-11-14T08:17:03'
System info: host: 'DESKTOP-014LNCD', ip: '192.168.0.161', os.name: 'Windows 10', os.arch: 'amd64', os.version: '10.0', java.version: '1.8.0_282'
Driver info: org.openqa.selenium.chrome.ChromeDriver
Capabilities {acceptInsecureCerts: false, browserName: chrome, browserVersion: 88.0.4324.104, chrome: {chromedriverVersion: 88.0.4324.96 (68dba2d8a0b14..., userDataDir: C:\Users\aruti\AppData\Loca...}, goog:chromeOptions: {debuggerAddress: localhost:51898}, javascriptEnabled: true, networkConnectionEnabled: false, pageLoadStrategy: normal, platform: WINDOWS, platformName: WINDOWS, proxy: Proxy(), setWindowRect: true, strictFileInteractability: false, timeouts: {implicit: 0, pageLoad: 300000, script: 30000}, unhandledPromptBehavior: dismiss and notify, webauthn:extension:largeBlob: true, webauthn:virtualAuthenticators: true}
Session ID: 9e746557d4b4e2b4829c8ee6061e1dc5&amp#27;[0m
23509 [main] INFO net.thucydides.core.steps.ConsoleLoggingListener - &amp#27;[91mSTEP ERROR: org.openqa.selenium.ElementClickInterceptedException: element click intercepted: Element <a href="/events" class="btn-icon btn-arrow orange hidden-xs hidden-sm hidden-md">...</a> is not clickable at point (1285, 47). Other element would receive the click: <a id="contact-us-menu" href="/contact-us/" class="contact-us">...</a>
  (Session info: chrome=88.0.4324.104)
Build info: version: '3.141.59', revision: 'e82be7d358', time: '2018-11-14T08:17:03'
System info: host: 'DESKTOP-014LNCD', ip: '192.168.0.161', os.name: 'Windows 10', os.arch: 'amd64', os.version: '10.0', java.version: '1.8.0_282'
Driver info: org.openqa.selenium.chrome.ChromeDriver
Capabilities {acceptInsecureCerts: false, browserName: chrome, browserVersion: 88.0.4324.104, chrome: {chromedriverVersion: 88.0.4324.96 (68dba2d8a0b14..., userDataDir: C:\Users\aruti\AppData\Loca...}, goog:chromeOptions: {debuggerAddress: localhost:51898}, javascriptEnabled: true, networkConnectionEnabled: false, pageLoadStrategy: normal, platform: WINDOWS, platformName: WINDOWS, proxy: Proxy(), setWindowRect: true, strictFileInteractability: false, timeouts: {implicit: 0, pageLoad: 300000, script: 30000}, unhandledPromptBehavior: dismiss and notify, webauthn:extension:largeBlob: true, webauthn:virtualAuthenticators: true}
Session ID: 9e746557d4b4e2b4829c8ee6061e1dc5
Build info: version: '3.141.59', revision: 'e82be7d358', time: '2018-11-14T08:17:03'
System info: host: 'DESKTOP-014LNCD', ip: '192.168.0.161', os.name: 'Windows 10', os.arch: 'amd64', os.version: '10.0', java.version: '1.8.0_282'
Driver info: driver.version: unknown&amp#27;[0m
23510 [main] INFO net.thucydides.core.steps.ConsoleLoggingListener - STARTING STEP Then page "https://www.hys-enterprise.com/events/" is opened
23512 [main] INFO net.thucydides.core.steps.ConsoleLoggingListener - &amp#27;[33mIGNORING STEP&amp#27;[0m
24216 [main] ERROR net.thucydides.core.steps.ConsoleLoggingListener - &amp#27;[91m
           __  _____ _____ ____ _____   _____ _    ___ _     _____ ____  
  _       / / |_   _| ____/ ___|_   _| |  ___/ \  |_ _| |   | ____|  _ \ 
 (_)_____| |    | | |  _| \___ \ | |   | |_ / _ \  | || |   |  _| | | | |
  _|_____| |    | | | |___ ___) || |   |  _/ ___ \ | || |___| |___| |_| |
 (_)     | |    |_| |_____|____/ |_|   |_|/_/   \_\___|_____|_____|____/ 
          \_\                                                            

TEST FAILED WITH ERROR: I as a customer WTBAT see more events than presented on the main page
---------------------------------------------------------------------&amp#27;[0m
24290 [main] ERROR net.thucydides.core.steps.ConsoleLoggingListener - &amp#27;[91mTEST FAILED AT STEP Click on see more events&amp#27;[0m
24290 [main] ERROR net.thucydides.core.steps.ConsoleLoggingListener - element click intercepted: Element <a href="/events" class="btn-icon btn-arrow orange hidden-xs hidden-sm hidden-md">...</a> is not clickable at point (1285, 47). Other element would receive the click: <a id="contact-us-menu" href="/contact-us/" class="contact-us">...</a>
]]></system-err>
  </testcase>
  <testcase name="I as a job seeker WTBAT send my CV and apply for  job" classname="Send CV" time="10.512">
    <system-err><![CDATA[24298 [main] INFO net.thucydides.core.steps.ConsoleLoggingListener - 
 _____ _____ ____ _____   ____ _____  _    ____ _____ _____ ____  
|_   _| ____/ ___|_   _| / ___|_   _|/ \  |  _ \_   _| ____|  _ \ 
  | | |  _| \___ \ | |   \___ \ | | / _ \ | |_) || | |  _| | | | |
  | | | |___ ___) || |    ___) || |/ ___ \|  _ < | | | |___| |_| |
  |_| |_____|____/ |_|   |____/ |_/_/   \_\_| \_\|_| |_____|____/ 
                                                                  

TEST STARTED: I as a job seeker WTBAT send my CV and apply for  job
-------------------------------------------------------------------(send-cv;i-as-a-job-seeker-wtbat-send-my-cv-and-apply-for--job)
24303 [main] INFO net.thucydides.core.steps.ConsoleLoggingListener - STARTING STEP Given I go "https://www.hys-enterprise.com/career/"
24321 [main] INFO net.thucydides.core.steps.ConsoleLoggingListener - STARTING STEP Open career page
янв 31, 2021 12:30:12 AM org.openqa.selenium.remote.DesiredCapabilities chrome
INFO: Using `new ChromeOptions()` is preferred to `DesiredCapabilities.chrome()`
24498 [main] INFO net.serenitybdd.core.webdriver.driverproviders.ProvideNewDriver - Instantiating driver
24498 [main] INFO net.serenitybdd.core.webdriver.driverproviders.ProvideNewDriver - Driver capabilities: Capabilities {acceptInsecureCerts: false, browserName: chrome, goog:chromeOptions: {args: [--enable-automation, --test-type], extensions: []}, loggingPrefs: org.openqa.selenium.logging..., platform: ANY, version: }
Starting ChromeDriver 88.0.4324.96 (68dba2d8a0b149a1d3afac56fa74648032bcf46b-refs/branch-heads/4324@{#1784}) on port 8465
Only local connections are allowed.
Please see https://chromedriver.chromium.org/security-considerations for suggestions on keeping ChromeDriver safe.
ChromeDriver was started successfully.
янв 31, 2021 12:30:14 AM org.openqa.selenium.remote.ProtocolHandshake createSession
INFO: Detected dialect: W3C
28492 [main] INFO net.thucydides.core.steps.ConsoleLoggingListener - FINISHING STEP
28494 [main] INFO net.thucydides.core.steps.ConsoleLoggingListener - FINISHING STEP
28495 [main] INFO net.thucydides.core.steps.ConsoleLoggingListener - STARTING STEP When I click on ‘Join Us’ button
28496 [main] INFO net.thucydides.core.steps.ConsoleLoggingListener - STARTING STEP Click on join us button
30312 [main] INFO net.thucydides.core.steps.ConsoleLoggingListener - FINISHING STEP
30316 [main] INFO net.thucydides.core.steps.ConsoleLoggingListener - FINISHING STEP
30318 [main] INFO net.thucydides.core.steps.ConsoleLoggingListener - STARTING STEP Then career page "https://www.hys-enterprise.com/career/vacancies/" is opened
30321 [main] INFO net.thucydides.core.steps.ConsoleLoggingListener - STARTING STEP Is page opened
30337 [main] INFO net.thucydides.core.steps.ConsoleLoggingListener - FINISHING STEP
30338 [main] INFO net.thucydides.core.steps.ConsoleLoggingListener - FINISHING STEP
30339 [main] INFO net.thucydides.core.steps.ConsoleLoggingListener - STARTING STEP And I click on any available vacancy in the list
30340 [main] INFO net.thucydides.core.steps.ConsoleLoggingListener - STARTING STEP Click on first vacancy in list
31807 [main] INFO net.thucydides.core.steps.ConsoleLoggingListener - FINISHING STEP
31809 [main] INFO net.thucydides.core.steps.ConsoleLoggingListener - FINISHING STEP
31810 [main] INFO net.thucydides.core.steps.ConsoleLoggingListener - STARTING STEP And I fill CV form with valid data
31814 [main] INFO net.thucydides.core.steps.ConsoleLoggingListener - STARTING STEP Enter email: test@test.com
32309 [main] INFO net.thucydides.core.steps.ConsoleLoggingListener - FINISHING STEP
32311 [main] INFO net.thucydides.core.steps.ConsoleLoggingListener - STARTING STEP Enter name: Vladimir
32758 [main] INFO net.thucydides.core.steps.ConsoleLoggingListener - FINISHING STEP
32758 [main] INFO net.thucydides.core.steps.ConsoleLoggingListener - STARTING STEP Enter phone: 0971413967
33206 [main] INFO net.thucydides.core.steps.ConsoleLoggingListener - FINISHING STEP
33207 [main] INFO net.thucydides.core.steps.ConsoleLoggingListener - STARTING STEP Click on privacy policy checkbox
33676 [main] INFO net.thucydides.core.steps.ConsoleLoggingListener - FINISHING STEP
33677 [main] INFO net.thucydides.core.steps.ConsoleLoggingListener - FINISHING STEP
33678 [main] INFO net.thucydides.core.steps.ConsoleLoggingListener - STARTING STEP And I click on Drag&Drop button an attach CV file
33679 [main] INFO net.thucydides.core.steps.ConsoleLoggingListener - FINISHING STEP
33680 [main] INFO net.thucydides.core.steps.ConsoleLoggingListener - STARTING STEP When I click on Send button
33682 [main] INFO net.thucydides.core.steps.ConsoleLoggingListener - STARTING STEP Click on submit button
34113 [main] INFO net.thucydides.core.steps.ConsoleLoggingListener - FINISHING STEP
34114 [main] INFO net.thucydides.core.steps.ConsoleLoggingListener - FINISHING STEP
34115 [main] INFO net.thucydides.core.steps.ConsoleLoggingListener - STARTING STEP Then message "We will contact you soon" is displsyed
34117 [main] INFO net.thucydides.core.steps.ConsoleLoggingListener - STARTING STEP Is success message displayed
34118 [main] INFO net.thucydides.core.steps.ConsoleLoggingListener - FINISHING STEP
34119 [main] INFO net.thucydides.core.steps.ConsoleLoggingListener - FINISHING STEP
34809 [main] INFO net.thucydides.core.steps.ConsoleLoggingListener - &amp#27;[92m
        __    _____ _____ ____ _____   ____   _    ____  ____  _____ ____  
  _     \ \  |_   _| ____/ ___|_   _| |  _ \ / \  / ___|/ ___|| ____|  _ \ 
 (_)_____| |   | | |  _| \___ \ | |   | |_) / _ \ \___ \\___ \|  _| | | | |
  _|_____| |   | | | |___ ___) || |   |  __/ ___ \ ___) |___) | |___| |_| |
 (_)     | |   |_| |_____|____/ |_|   |_| /_/   \_\____/|____/|_____|____/ 
        /_/                                                                

TEST PASSED: I as a job seeker WTBAT send my CV and apply for  job
----------------------------------------------------------------------------&amp#27;[0m
]]></system-err>
  </testcase>
</testsuite>